<?xml version="1.0" encoding="UTF-8"?>
<testng-results ignored="0" total="2" passed="2" failed="0" skipped="0">
  <reporter-output>
  </reporter-output>
  <suite started-at="2022-11-09T17:31:23 AST" name="Test-Suite" finished-at="2022-11-09T17:32:33 AST" duration-ms="70032">
    <groups>
    </groups>
    <test started-at="2022-11-09T17:31:23 AST" name="ToolsQA" finished-at="2022-11-09T17:32:33 AST" duration-ms="70032">
      <class name="POM.Login_test">
        <test-method is-config="true" signature="beforeTest()[pri:0, instance:POM.Login_test@308a6984]" started-at="2022-11-09T17:31:36 AST" name="beforeTest" finished-at="2022-11-09T17:31:46 AST" duration-ms="10235" status="PASS">
          <reporter-output>
          </reporter-output>
        </test-method> <!-- beforeTest -->
        <test-method signature="f()[pri:0, instance:POM.Login_test@308a6984]" started-at="2022-11-09T17:31:46 AST" name="f" finished-at="2022-11-09T17:31:52 AST" duration-ms="5662" status="PASS">
          <reporter-output>
          </reporter-output>
        </test-method> <!-- f -->
        <test-method is-config="true" signature="afterTest()[pri:0, instance:POM.Login_test@308a6984]" started-at="2022-11-09T17:32:32 AST" name="afterTest" finished-at="2022-11-09T17:32:33 AST" duration-ms="287" status="PASS">
          <reporter-output>
          </reporter-output>
        </test-method> <!-- afterTest -->
      </class> <!-- POM.Login_test -->
      <class name="POM.AddEmployee_Test">
        <test-method is-config="true" signature="beforeTest()[pri:0, instance:POM.AddEmployee_Test@85ec632]" started-at="2022-11-09T17:31:23 AST" name="beforeTest" finished-at="2022-11-09T17:31:36 AST" duration-ms="13263" status="PASS">
          <reporter-output>
          </reporter-output>
        </test-method> <!-- beforeTest -->
        <test-method signature="f()[pri:0, instance:POM.AddEmployee_Test@85ec632]" started-at="2022-11-09T17:31:52 AST" name="f" finished-at="2022-11-09T17:32:32 AST" duration-ms="40071" status="PASS">
          <reporter-output>
          </reporter-output>
        </test-method> <!-- f -->
        <test-method is-config="true" signature="afterTest()[pri:0, instance:POM.AddEmployee_Test@85ec632]" started-at="2022-11-09T17:32:32 AST" name="afterTest" finished-at="2022-11-09T17:32:32 AST" duration-ms="296" status="PASS">
          <reporter-output>
          </reporter-output>
        </test-method> <!-- afterTest -->
      </class> <!-- POM.AddEmployee_Test -->
    </test> <!-- ToolsQA -->
  </suite> <!-- Test-Suite -->
</testng-results>
