<?xml version="1.0" encoding="UTF-8"?>
<testng-results ignored="0" total="2" passed="2" failed="0" skipped="0">
  <reporter-output>
  </reporter-output>
  <suite started-at="2022-10-16T18:49:31 AST" name="Test-Suite" finished-at="2022-10-16T18:50:35 AST" duration-ms="64220">
    <groups>
    </groups>
    <test started-at="2022-10-16T18:49:31 AST" name="ToolsQA" finished-at="2022-10-16T18:50:35 AST" duration-ms="64220">
      <class name="POM.Login_test">
        <test-method is-config="true" signature="beforeTest()[pri:0, instance:POM.Login_test@f5acb9d]" started-at="2022-10-16T18:49:42 AST" name="beforeTest" finished-at="2022-10-16T18:49:59 AST" duration-ms="17048" status="PASS">
          <reporter-output>
          </reporter-output>
        </test-method> <!-- beforeTest -->
        <test-method signature="f()[pri:0, instance:POM.Login_test@f5acb9d]" started-at="2022-10-16T18:49:59 AST" name="f" finished-at="2022-10-16T18:50:05 AST" duration-ms="5317" status="PASS">
          <reporter-output>
          </reporter-output>
        </test-method> <!-- f -->
        <test-method is-config="true" signature="afterTest()[pri:0, instance:POM.Login_test@f5acb9d]" started-at="2022-10-16T18:50:35 AST" name="afterTest" finished-at="2022-10-16T18:50:35 AST" duration-ms="322" status="PASS">
          <reporter-output>
          </reporter-output>
        </test-method> <!-- afterTest -->
      </class> <!-- POM.Login_test -->
      <class name="POM.AddEmployee_Test">
        <test-method is-config="true" signature="beforeTest()[pri:0, instance:POM.AddEmployee_Test@58d75e99]" started-at="2022-10-16T18:49:31 AST" name="beforeTest" finished-at="2022-10-16T18:49:42 AST" duration-ms="11028" status="PASS">
          <reporter-output>
          </reporter-output>
        </test-method> <!-- beforeTest -->
        <test-method signature="f()[pri:0, instance:POM.AddEmployee_Test@58d75e99]" started-at="2022-10-16T18:50:05 AST" name="f" finished-at="2022-10-16T18:50:35 AST" duration-ms="30201" status="PASS">
          <reporter-output>
          </reporter-output>
        </test-method> <!-- f -->
        <test-method is-config="true" signature="afterTest()[pri:0, instance:POM.AddEmployee_Test@58d75e99]" started-at="2022-10-16T18:50:35 AST" name="afterTest" finished-at="2022-10-16T18:50:35 AST" duration-ms="240" status="PASS">
          <reporter-output>
          </reporter-output>
        </test-method> <!-- afterTest -->
      </class> <!-- POM.AddEmployee_Test -->
    </test> <!-- ToolsQA -->
  </suite> <!-- Test-Suite -->
</testng-results>
